<?xml version="1.0" encoding="UTF-8"?>
<testsuite xmlns:xsi="http://www.w3.org/2001/XMLSchema-instance" xsi:noNamespaceSchemaLocation="https://maven.apache.org/surefire/maven-surefire-plugin/xsd/surefire-test-report-3.0.xsd" version="3.0" name="iff.sistemaSuporteDecisaoMaven.AppTest" time="0.014" tests="1" errors="0" skipped="0" failures="0">
  <properties>
    <property name="java.specification.version" value="21"/>
    <property name="sun.cpu.isalist" value="amd64"/>
    <property name="sun.jnu.encoding" value="Cp1252"/>
    <property name="java.class.path" value="C:\Users\cleit\eclipse-workspace-2\sistemaSuporteDecisaoMaven\target\test-classes;C:\Users\cleit\eclipse-workspace-2\sistemaSuporteDecisaoMaven\target\classes;C:\Users\cleit\.m2\repository\junit\junit\3.8.1\junit-3.8.1.jar;C:\Users\cleit\.m2\repository\org\apache\jena\jena-rdfpatch\5.0.0\jena-rdfpatch-5.0.0.jar;C:\Users\cleit\.m2\repository\org\apache\jena\jena-arq\5.0.0\jena-arq-5.0.0.jar;C:\Users\cleit\.m2\repository\org\apache\jena\jena-core\5.0.0\jena-core-5.0.0.jar;C:\Users\cleit\.m2\repository\org\apache\jena\jena-base\5.0.0\jena-base-5.0.0.jar;C:\Users\cleit\.m2\repository\org\apache\commons\commons-csv\1.10.0\commons-csv-1.10.0.jar;C:\Users\cleit\.m2\repository\commons-io\commons-io\2.15.1\commons-io-2.15.1.jar;C:\Users\cleit\.m2\repository\commons-codec\commons-codec\1.16.1\commons-codec-1.16.1.jar;C:\Users\cleit\.m2\repository\org\apache\commons\commons-compress\1.26.1\commons-compress-1.26.1.jar;C:\Users\cleit\.m2\repository\org\apache\commons\commons-collections4\4.4\commons-collections4-4.4.jar;C:\Users\cleit\.m2\repository\com\github\ben-manes\caffeine\caffeine\3.1.8\caffeine-3.1.8.jar;C:\Users\cleit\.m2\repository\org\checkerframework\checker-qual\3.37.0\checker-qual-3.37.0.jar;C:\Users\cleit\.m2\repository\com\google\errorprone\error_prone_annotations\2.21.1\error_prone_annotations-2.21.1.jar;C:\Users\cleit\.m2\repository\com\github\andrewoma\dexx\collection\0.7\collection-0.7.jar;C:\Users\cleit\.m2\repository\org\apache\jena\jena-iri\5.0.0\jena-iri-5.0.0.jar;C:\Users\cleit\.m2\repository\commons-cli\commons-cli\1.6.0\commons-cli-1.6.0.jar;C:\Users\cleit\.m2\repository\org\roaringbitmap\RoaringBitmap\1.0.5\RoaringBitmap-1.0.5.jar;C:\Users\cleit\.m2\repository\com\google\code\gson\gson\2.10.1\gson-2.10.1.jar;C:\Users\cleit\.m2\repository\org\slf4j\jcl-over-slf4j\2.0.7\jcl-over-slf4j-2.0.7.jar;C:\Users\cleit\.m2\repository\org\slf4j\slf4j-api\2.0.7\slf4j-api-2.0.7.jar;C:\Users\cleit\.m2\repository\com\apicatalog\titanium-json-ld\1.4.0\titanium-json-ld-1.4.0.jar;C:\Users\cleit\.m2\repository\org\glassfish\jakarta.json\2.0.1\jakarta.json-2.0.1.jar;C:\Users\cleit\.m2\repository\com\google\protobuf\protobuf-java\3.25.3\protobuf-java-3.25.3.jar;C:\Users\cleit\.m2\repository\org\apache\thrift\libthrift\0.19.0\libthrift-0.19.0.jar;C:\Users\cleit\.m2\repository\org\apache\commons\commons-lang3\3.14.0\commons-lang3-3.14.0.jar;C:\Users\cleit\.m2\repository\org\apache\jena\jena-shacl\5.0.0\jena-shacl-5.0.0.jar;C:\Users\cleit\.m2\repository\org\apache\jena\jena-shex\5.0.0\jena-shex-5.0.0.jar;C:\Users\cleit\.m2\repository\org\apache\jena\jena-tdb1\5.0.0\jena-tdb1-5.0.0.jar;C:\Users\cleit\.m2\repository\org\apache\jena\jena-tdb2\5.0.0\jena-tdb2-5.0.0.jar;C:\Users\cleit\.m2\repository\org\apache\jena\jena-dboe-storage\5.0.0\jena-dboe-storage-5.0.0.jar;C:\Users\cleit\.m2\repository\org\apache\jena\jena-dboe-trans-data\5.0.0\jena-dboe-trans-data-5.0.0.jar;C:\Users\cleit\.m2\repository\org\apache\jena\jena-dboe-transaction\5.0.0\jena-dboe-transaction-5.0.0.jar;C:\Users\cleit\.m2\repository\org\apache\jena\jena-dboe-base\5.0.0\jena-dboe-base-5.0.0.jar;C:\Users\cleit\.m2\repository\org\apache\jena\jena-dboe-index\5.0.0\jena-dboe-index-5.0.0.jar;C:\Users\cleit\.m2\repository\org\apache\jena\jena-rdfconnection\5.0.0\jena-rdfconnection-5.0.0.jar;"/>
    <property name="java.vm.vendor" value="Oracle Corporation"/>
    <property name="sun.arch.data.model" value="64"/>
    <property name="user.variant" value=""/>
    <property name="java.vendor.url" value="https://java.oracle.com/"/>
    <property name="user.timezone" value="America/Sao_Paulo"/>
    <property name="os.name" value="Windows 11"/>
    <property name="java.vm.specification.version" value="21"/>
    <property name="sun.java.launcher" value="SUN_STANDARD"/>
    <property name="user.country" value="BR"/>
    <property name="sun.boot.library.path" value="C:\Program Files\Java\jdk-21\bin"/>
    <property name="sun.java.command" value="C:\Users\cleit\AppData\Local\Temp\surefire10879547852892220342\surefirebooter-20240323144835949_3.jar C:\Users\cleit\AppData\Local\Temp\surefire10879547852892220342 2024-03-23T14-48-35_561-jvmRun1 surefire-20240323144835949_1tmp surefire_0-20240323144835949_2tmp"/>
    <property name="jdk.debug" value="release"/>
    <property name="surefire.test.class.path" value="C:\Users\cleit\eclipse-workspace-2\sistemaSuporteDecisaoMaven\target\test-classes;C:\Users\cleit\eclipse-workspace-2\sistemaSuporteDecisaoMaven\target\classes;C:\Users\cleit\.m2\repository\junit\junit\3.8.1\junit-3.8.1.jar;C:\Users\cleit\.m2\repository\org\apache\jena\jena-rdfpatch\5.0.0\jena-rdfpatch-5.0.0.jar;C:\Users\cleit\.m2\repository\org\apache\jena\jena-arq\5.0.0\jena-arq-5.0.0.jar;C:\Users\cleit\.m2\repository\org\apache\jena\jena-core\5.0.0\jena-core-5.0.0.jar;C:\Users\cleit\.m2\repository\org\apache\jena\jena-base\5.0.0\jena-base-5.0.0.jar;C:\Users\cleit\.m2\repository\org\apache\commons\commons-csv\1.10.0\commons-csv-1.10.0.jar;C:\Users\cleit\.m2\repository\commons-io\commons-io\2.15.1\commons-io-2.15.1.jar;C:\Users\cleit\.m2\repository\commons-codec\commons-codec\1.16.1\commons-codec-1.16.1.jar;C:\Users\cleit\.m2\repository\org\apache\commons\commons-compress\1.26.1\commons-compress-1.26.1.jar;C:\Users\cleit\.m2\repository\org\apache\commons\commons-collections4\4.4\commons-collections4-4.4.jar;C:\Users\cleit\.m2\repository\com\github\ben-manes\caffeine\caffeine\3.1.8\caffeine-3.1.8.jar;C:\Users\cleit\.m2\repository\org\checkerframework\checker-qual\3.37.0\checker-qual-3.37.0.jar;C:\Users\cleit\.m2\repository\com\google\errorprone\error_prone_annotations\2.21.1\error_prone_annotations-2.21.1.jar;C:\Users\cleit\.m2\repository\com\github\andrewoma\dexx\collection\0.7\collection-0.7.jar;C:\Users\cleit\.m2\repository\org\apache\jena\jena-iri\5.0.0\jena-iri-5.0.0.jar;C:\Users\cleit\.m2\repository\commons-cli\commons-cli\1.6.0\commons-cli-1.6.0.jar;C:\Users\cleit\.m2\repository\org\roaringbitmap\RoaringBitmap\1.0.5\RoaringBitmap-1.0.5.jar;C:\Users\cleit\.m2\repository\com\google\code\gson\gson\2.10.1\gson-2.10.1.jar;C:\Users\cleit\.m2\repository\org\slf4j\jcl-over-slf4j\2.0.7\jcl-over-slf4j-2.0.7.jar;C:\Users\cleit\.m2\repository\org\slf4j\slf4j-api\2.0.7\slf4j-api-2.0.7.jar;C:\Users\cleit\.m2\repository\com\apicatalog\titanium-json-ld\1.4.0\titanium-json-ld-1.4.0.jar;C:\Users\cleit\.m2\repository\org\glassfish\jakarta.json\2.0.1\jakarta.json-2.0.1.jar;C:\Users\cleit\.m2\repository\com\google\protobuf\protobuf-java\3.25.3\protobuf-java-3.25.3.jar;C:\Users\cleit\.m2\repository\org\apache\thrift\libthrift\0.19.0\libthrift-0.19.0.jar;C:\Users\cleit\.m2\repository\org\apache\commons\commons-lang3\3.14.0\commons-lang3-3.14.0.jar;C:\Users\cleit\.m2\repository\org\apache\jena\jena-shacl\5.0.0\jena-shacl-5.0.0.jar;C:\Users\cleit\.m2\repository\org\apache\jena\jena-shex\5.0.0\jena-shex-5.0.0.jar;C:\Users\cleit\.m2\repository\org\apache\jena\jena-tdb1\5.0.0\jena-tdb1-5.0.0.jar;C:\Users\cleit\.m2\repository\org\apache\jena\jena-tdb2\5.0.0\jena-tdb2-5.0.0.jar;C:\Users\cleit\.m2\repository\org\apache\jena\jena-dboe-storage\5.0.0\jena-dboe-storage-5.0.0.jar;C:\Users\cleit\.m2\repository\org\apache\jena\jena-dboe-trans-data\5.0.0\jena-dboe-trans-data-5.0.0.jar;C:\Users\cleit\.m2\repository\org\apache\jena\jena-dboe-transaction\5.0.0\jena-dboe-transaction-5.0.0.jar;C:\Users\cleit\.m2\repository\org\apache\jena\jena-dboe-base\5.0.0\jena-dboe-base-5.0.0.jar;C:\Users\cleit\.m2\repository\org\apache\jena\jena-dboe-index\5.0.0\jena-dboe-index-5.0.0.jar;C:\Users\cleit\.m2\repository\org\apache\jena\jena-rdfconnection\5.0.0\jena-rdfconnection-5.0.0.jar;"/>
    <property name="sun.cpu.endian" value="little"/>
    <property name="user.home" value="C:\Users\cleit"/>
    <property name="user.language" value="pt"/>
    <property name="java.specification.vendor" value="Oracle Corporation"/>
    <property name="java.version.date" value="2024-01-16"/>
    <property name="java.home" value="C:\Program Files\Java\jdk-21"/>
    <property name="file.separator" value="\"/>
    <property name="basedir" value="C:\Users\cleit\eclipse-workspace-2\sistemaSuporteDecisaoMaven"/>
    <property name="style.color" value="always"/>
    <property name="java.vm.compressedOopsMode" value="32-bit"/>
    <property name="line.separator" value="&#10;"/>
    <property name="java.vm.specification.vendor" value="Oracle Corporation"/>
    <property name="java.specification.name" value="Java Platform API Specification"/>
    <property name="surefire.real.class.path" value="C:\Users\cleit\AppData\Local\Temp\surefire10879547852892220342\surefirebooter-20240323144835949_3.jar"/>
    <property name="user.script" value=""/>
    <property name="sun.management.compiler" value="HotSpot 64-Bit Tiered Compilers"/>
    <property name="java.runtime.version" value="21.0.2+13-LTS-58"/>
    <property name="user.name" value="cleit"/>
    <property name="stdout.encoding" value="Cp1252"/>
    <property name="path.separator" value=";"/>
    <property name="os.version" value="10.0"/>
    <property name="java.runtime.name" value="Java(TM) SE Runtime Environment"/>
    <property name="file.encoding" value="UTF-8"/>
    <property name="java.vm.name" value="Java HotSpot(TM) 64-Bit Server VM"/>
    <property name="localRepository" value="C:\Users\cleit\.m2\repository"/>
    <property name="java.vendor.url.bug" value="https://bugreport.java.com/bugreport/"/>
    <property name="java.io.tmpdir" value="C:\Users\cleit\AppData\Local\Temp\"/>
    <property name="java.version" value="21.0.2"/>
    <property name="user.dir" value="C:\Users\cleit\eclipse-workspace-2\sistemaSuporteDecisaoMaven"/>
    <property name="os.arch" value="amd64"/>
    <property name="java.vm.specification.name" value="Java Virtual Machine Specification"/>
    <property name="sun.os.patch.level" value=""/>
    <property name="native.encoding" value="Cp1252"/>
    <property name="java.library.path" value="C:\Program Files\Java\jdk-21\bin;C:\WINDOWS\Sun\Java\bin;C:\WINDOWS\system32;C:\WINDOWS;C:/Program Files/Java/jdk-21/bin/server;C:/Program Files/Java/jdk-21/bin;C:/Users/cleit/AppData/Local/Temp/eoi43C3.tmp//plugins/org.eclipse.justj.openjdk.hotspot.jre.minimal.stripped.win32.x86_64_17.0.10.v20240120-1143/jre/bin/server;C:/Users/cleit/AppData/Local/Temp/eoi43C3.tmp//plugins/org.eclipse.justj.openjdk.hotspot.jre.minimal.stripped.win32.x86_64_17.0.10.v20240120-1143/jre/bin;C:\Program Files\Common Files\Oracle\Java\javapath;C:\Python311\Scripts\;C:\Python311\;C:\Program Files\Java\jdk-21;C:\Program Files\Java\jdk-21\bin;C:\Program Files (x86)\dotnet\;C:\WINDOWS\system32;C:\WINDOWS;C:\WINDOWS\System32\Wbem;C:\WINDOWS\System32\WindowsPowerShell\v1.0\;C:\WINDOWS\System32\OpenSSH\;C:\ProgramData\chocolatey\bin;C:\Users\cleit\AppData\Roaming\nvm;C:\Program Files\nodejs;C:\Program Files\Git\cmd;D:\Ruby31-x64\bin;C:\Users\cleit\anaconda3;C:\Users\cleit\anaconda3\Library\mingw-w64\bin;C:\Users\cleit\anaconda3\Library\usr\bin;C:\Users\cleit\anaconda3\Library\bin;C:\Users\cleit\anaconda3\Scripts;C:\Users\cleit\AppData\Local\Microsoft\WindowsApps;C:\Users\cleit\AppData\Local\Programs\Microsoft VS Code\bin;C:\Program Files\Git\bin\;C:\Program Files\Git\cmd\;C:\Program Files\JetBrains\PyCharm Community Edition 2022.1.3\bin;;C:\Users\cleit\AppData\Roaming\nvm;C:\Program Files\nodejs;;C:\Users\cleit\Downloads;;C:\Users\cleit\Downloads;;."/>
    <property name="java.vm.info" value="mixed mode, sharing"/>
    <property name="stderr.encoding" value="Cp1252"/>
    <property name="java.vendor" value="Oracle Corporation"/>
    <property name="java.vm.version" value="21.0.2+13-LTS-58"/>
    <property name="sun.io.unicode.encoding" value="UnicodeLittle"/>
    <property name="java.class.version" value="65.0"/>
  </properties>
  <testcase name="testApp" classname="iff.sistemaSuporteDecisaoMaven.AppTest" time="0.003"/>
</testsuite>